#-----------------------------------------------------------
# updatemem v2025.2 (64-bit)
# SW Build 6299465 on Fri Nov 14 19:35:11 GMT 2025
# IP Build 6300035 on Fri Nov 14 10:48:45 MST 2025
# SharedData Build 6298862 on Thu Nov 13 04:50:51 MST 2025
# Start of session at: Tue Apr 14 22:16:34 2026
# Process ID         : 13636
# Current directory  : D:/New/CS224/CS224-Project/mem_generator/memory-map
# Command line       : updatemem.exe -mode batch -source E:/AMDDesignTools/2025.2/Vivado/scripts/updatemem/main.tcl -notrace -tclargs -meminfo riscv.mmi -data ../imem_dmem/imem.mem -proc my_riscv_cpu -bit D:/New/Image_processing/Image_processing.runs/impl_1/top_fpga.bit -out D:/New/Image_processing/Image_processing.runs/impl_1/fast_update.bit -force
# Log file           : D:/New/CS224/CS224-Project/mem_generator/memory-map/updatemem.log
# Journal file       : D:/New/CS224/CS224-Project/mem_generator/memory-map\updatemem.jou
# Running On         : LAPTOP-U473BDC0
# Platform           : Windows Server 2016 or Windows 10
# Operating System   : 26200
# Processor Detail   : Intel(R) Core(TM) i7-14650HX
# CPU Frequency      : 2419 MHz
# CPU Physical cores : 16
# CPU Logical cores  : 24
# Host memory        : 16869 MB
# Swap memory        : 21474 MB
# Total Virtual      : 38344 MB
# Available Virtual  : 19017 MB
#-----------------------------------------------------------
source E:/AMDDesignTools/2025.2/Vivado/scripts/updatemem/main.tcl -notrace
Command: update_mem -meminfo riscv.mmi -data ../imem_dmem/imem.mem -proc my_riscv_cpu -bit D:/New/Image_processing/Image_processing.runs/impl_1/top_fpga.bit -out D:/New/Image_processing/Image_processing.runs/impl_1/fast_update.bit -force
Loading bitfile D:/New/Image_processing/Image_processing.runs/impl_1/top_fpga.bit
Loading data files...
Updating memory content...
Creating bitstream...
Writing bitstream D:/New/Image_processing/Image_processing.runs/impl_1/fast_update.bit...
0 Infos, 0 Warnings, 0 Critical Warnings and 0 Errors encountered.
update_mem completed successfully
update_mem: Time (s): cpu = 00:00:10 ; elapsed = 00:00:11 . Memory (MB): peak = 607.926 ; gain = 489.145
INFO: [Common 17-206] Exiting updatemem at Tue Apr 14 22:16:46 2026...
